app/build/intermediates/manifest_merge_blame_file/debug/manifest-merger-blame-debug-report.txt
1<?xml version="1.0" encoding="utf-8"?>
2<manifest xmlns:android="http://schemas.android.com/apk/res/android"
3    package="com.scanner.scanner"
4    android:versionCode="1"
5    android:versionName="1.0" >
6
7    <uses-sdk
8        android:minSdkVersion="19"
8-->src\main\AndroidManifest.xml
9        android:targetSdkVersion="33" />
9-->src\main\AndroidManifest.xml
10
11    <uses-permission android:name="android.permission.CAMERA" />
11-->src\main\AndroidManifest.xml:5:5-65
11-->src\main\AndroidManifest.xml:5:22-62
12    <uses-permission android:name="android.permission.READ_EXTERNAL_STORAGE" />
12-->src\main\AndroidManifest.xml:6:5-80
12-->src\main\AndroidManifest.xml:6:22-77
13    <uses-permission android:name="android.permission.WRITE_EXTERNAL_STORAGE" />
13-->src\main\AndroidManifest.xml:7:5-81
13-->src\main\AndroidManifest.xml:7:22-78
14
15    <uses-feature
15-->[:scanlibrary] AndroidManifest.xml:9:5-11:35
16        android:name="android.hardware.camera"
16-->[:scanlibrary] AndroidManifest.xml:10:9-47
17        android:required="true" />
17-->[:scanlibrary] AndroidManifest.xml:11:9-32
18
19    <permission
19-->[androidx.core:core:1.9.0] AndroidManifest.xml:22:5-24:47
20        android:name="com.scanner.scanner.DYNAMIC_RECEIVER_NOT_EXPORTED_PERMISSION"
20-->[androidx.core:core:1.9.0] AndroidManifest.xml:23:9-81
21        android:protectionLevel="signature" />
21-->[androidx.core:core:1.9.0] AndroidManifest.xml:24:9-44
22
23    <uses-permission android:name="com.scanner.scanner.DYNAMIC_RECEIVER_NOT_EXPORTED_PERMISSION" />
23-->[androidx.core:core:1.9.0] AndroidManifest.xml:26:5-97
23-->[androidx.core:core:1.9.0] AndroidManifest.xml:26:22-94
24
25    <application
25-->src\main\AndroidManifest.xml:9:5-41:19
26        android:allowBackup="true"
26-->src\main\AndroidManifest.xml:10:9-35
27        android:appComponentFactory="androidx.core.app.CoreComponentFactory"
27-->[androidx.core:core:1.9.0] AndroidManifest.xml:28:18-86
28        android:dataExtractionRules="@xml/data_extraction_rules"
28-->src\main\AndroidManifest.xml:11:9-65
29        android:debuggable="true"
30        android:fullBackupContent="@xml/backup_rules"
30-->src\main\AndroidManifest.xml:12:9-54
31        android:hardwareAccelerated="true"
31-->[:scanlibrary] AndroidManifest.xml:19:9-43
32        android:icon="@mipmap/ic_launcher"
32-->src\main\AndroidManifest.xml:13:9-43
33        android:label="@string/app_name"
33-->src\main\AndroidManifest.xml:14:9-41
34        android:largeHeap="true"
34-->[:scanlibrary] AndroidManifest.xml:21:9-33
35        android:roundIcon="@mipmap/ic_launcher_round"
35-->src\main\AndroidManifest.xml:15:9-54
36        android:supportsRtl="true"
36-->src\main\AndroidManifest.xml:16:9-35
37        android:theme="@style/Theme.Scanner" >
37-->src\main\AndroidManifest.xml:17:9-45
38        <activity
38-->src\main\AndroidManifest.xml:19:9-31:20
39            android:name="com.scanner.scanner.MainActivity"
39-->src\main\AndroidManifest.xml:20:13-41
40            android:exported="true" >
40-->src\main\AndroidManifest.xml:21:13-36
41            <intent-filter>
41-->src\main\AndroidManifest.xml:22:13-26:29
42                <action android:name="android.intent.action.MAIN" />
42-->src\main\AndroidManifest.xml:23:17-69
42-->src\main\AndroidManifest.xml:23:25-66
43
44                <category android:name="android.intent.category.LAUNCHER" />
44-->src\main\AndroidManifest.xml:25:17-77
44-->src\main\AndroidManifest.xml:25:27-74
45            </intent-filter>
46
47            <meta-data
47-->src\main\AndroidManifest.xml:28:13-30:36
48                android:name="android.app.lib_name"
48-->src\main\AndroidManifest.xml:29:17-52
49                android:value="" />
49-->src\main\AndroidManifest.xml:30:17-33
50        </activity>
51        <!-- <provider -->
52        <!-- android:name="androidx.core.content.FileProvider" -->
53        <!-- android:authorities="com.scanner.provider" -->
54        <!-- android:exported="false" -->
55        <!-- android:grantUriPermissions="true"> -->
56        <!-- <meta-data -->
57        <!-- android:name="android.support.FILE_PROVIDER_PATHS" -->
58        <!-- android:resource="@xml/provider_paths"/> -->
59        <!-- </provider> -->
60        <activity
60-->[:scanlibrary] AndroidManifest.xml:22:9-26:20
61            android:name="com.scanlibrary.ScanActivity"
61-->[:scanlibrary] AndroidManifest.xml:23:13-56
62            android:configChanges="orientation|screenSize"
62-->[:scanlibrary] AndroidManifest.xml:24:13-59
63            android:label="@string/app_name" >
63-->[:scanlibrary] AndroidManifest.xml:25:13-45
64        </activity>
65
66        <provider
66-->[:scanlibrary] AndroidManifest.xml:28:9-36:20
67            android:name="androidx.core.content.FileProvider"
67-->[:scanlibrary] AndroidManifest.xml:29:13-62
68            android:authorities="com.scanlibrary.provider"
68-->[:scanlibrary] AndroidManifest.xml:30:13-59
69            android:exported="false"
69-->[:scanlibrary] AndroidManifest.xml:31:13-37
70            android:grantUriPermissions="true" >
70-->[:scanlibrary] AndroidManifest.xml:32:13-47
71            <meta-data
71-->[:scanlibrary] AndroidManifest.xml:33:13-35:58
72                android:name="android.support.FILE_PROVIDER_PATHS"
72-->[:scanlibrary] AndroidManifest.xml:34:17-67
73                android:resource="@xml/provider_paths" />
73-->[:scanlibrary] AndroidManifest.xml:35:17-55
74        </provider>
75        <provider
75-->[androidx.emoji2:emoji2:1.2.0] AndroidManifest.xml:24:9-32:20
76            android:name="androidx.startup.InitializationProvider"
76-->[androidx.emoji2:emoji2:1.2.0] AndroidManifest.xml:25:13-67
77            android:authorities="com.scanner.scanner.androidx-startup"
77-->[androidx.emoji2:emoji2:1.2.0] AndroidManifest.xml:26:13-68
78            android:exported="false" >
78-->[androidx.emoji2:emoji2:1.2.0] AndroidManifest.xml:27:13-37
79            <meta-data
79-->[androidx.emoji2:emoji2:1.2.0] AndroidManifest.xml:29:13-31:52
80                android:name="androidx.emoji2.text.EmojiCompatInitializer"
80-->[androidx.emoji2:emoji2:1.2.0] AndroidManifest.xml:30:17-75
81                android:value="androidx.startup" />
81-->[androidx.emoji2:emoji2:1.2.0] AndroidManifest.xml:31:17-49
82            <meta-data
82-->[androidx.lifecycle:lifecycle-process:2.4.1] AndroidManifest.xml:31:13-33:52
83                android:name="androidx.lifecycle.ProcessLifecycleInitializer"
83-->[androidx.lifecycle:lifecycle-process:2.4.1] AndroidManifest.xml:32:17-78
84                android:value="androidx.startup" />
84-->[androidx.lifecycle:lifecycle-process:2.4.1] AndroidManifest.xml:33:17-49
85        </provider>
86    </application>
87
88</manifest>